Using pre-set license
Built from '2020.3/release' branch; Version is '2020.3.31f1 (6b54b7616050) revision 7034039'; Using compiler version '192528614'; Build Type 'Release'
OS: 'Windows 10  (10.0.19044) 64bit Professional' Language: 'en' Physical Memory: 65280 MB
BatchMode: 1, IsHumanControllingUs: 0, StartBugReporterOnCrash: 0, Is64bit: 1, IsPro: 0

COMMAND LINE ARGUMENTS:
C:\Program Files\Unity\Hub\Editor\2020.3.31f1\Editor\Unity.exe
-adb2
-batchMode
-noUpm
-name
AssetImportWorker0
-projectPath
C:/Hololens_Hackathon
-logFile
Logs/AssetImportWorker0.log
-srvPort
54337
Successfully changed project path to: C:/Hololens_Hackathon
C:/Hololens_Hackathon
Using Asset Import Pipeline V2.
Refreshing native plugins compatible for Editor in 146.76 ms, found 10 plugins.
Preloading 0 native plugins for Editor in 0.00 ms.
Initialize engine version: 2020.3.31f1 (6b54b7616050)
[Subsystems] Discovering subsystems at path C:/Program Files/Unity/Hub/Editor/2020.3.31f1/Editor/Data/Resources/UnitySubsystems
[Subsystems] Discovering subsystems at path C:/Hololens_Hackathon/Assets
GfxDevice: creating device client; threaded=0
Direct3D:
    Version:  Direct3D 11.0 [level 11.1]
    Renderer: NVIDIA GeForce GTX 1650 Ti (ID=0x1f95)
    Vendor:   
    VRAM:     3964 MB
    Driver:   30.0.14.9649
Initialize mono
Mono path[0] = 'C:/Program Files/Unity/Hub/Editor/2020.3.31f1/Editor/Data/Managed'
Mono path[1] = 'C:/Program Files/Unity/Hub/Editor/2020.3.31f1/Editor/Data/MonoBleedingEdge/lib/mono/unityjit'
Mono config path = 'C:/Program Files/Unity/Hub/Editor/2020.3.31f1/Editor/Data/MonoBleedingEdge/etc'
Using monoOptions --debugger-agent=transport=dt_socket,embedding=1,server=y,suspend=n,address=127.0.0.1:56068
Begin MonoManager ReloadAssembly
Registering precompiled unity dll's ...
Register platform support module: C:/Program Files/Unity/Hub/Editor/2020.3.31f1/Editor/Data/PlaybackEngines/WindowsStandaloneSupport/UnityEditor.WindowsStandalone.Extensions.dll
Registered in 0.003789 seconds.
Native extension for WindowsStandalone target not found
Refreshing native plugins compatible for Editor in 107.49 ms, found 10 plugins.
Preloading 0 native plugins for Editor in 0.00 ms.
Mono: successfully reloaded assembly
- Completed reload, in  0.952 seconds
Domain Reload Profiling:
	ReloadAssembly (952ms)
		BeginReloadAssembly (109ms)
			ExecutionOrderSort (0ms)
			DisableScriptedObjects (0ms)
			BackupInstance (0ms)
			ReleaseScriptingObjects (0ms)
			CreateAndSetChildDomain (1ms)
		EndReloadAssembly (722ms)
			LoadAssemblies (105ms)
			RebuildTransferFunctionScriptingTraits (0ms)
			SetupTypeCache (254ms)
			ReleaseScriptCaches (0ms)
			RebuildScriptCaches (38ms)
			SetupLoadedEditorAssemblies (277ms)
				LogAssemblyErrors (0ms)
				InitializePlatformSupportModulesInManaged (5ms)
				SetLoadedEditorAssemblies (0ms)
				RefreshPlugins (108ms)
				BeforeProcessingInitializeOnLoad (10ms)
				ProcessInitializeOnLoadAttributes (109ms)
				ProcessInitializeOnLoadMethodAttributes (45ms)
				AfterProcessingInitializeOnLoad (0ms)
				EditorAssembliesLoaded (0ms)
			ExecutionOrderSort2 (0ms)
			AwakeInstancesAfterBackupRestoration (0ms)
Platform modules already initialized, skipping
Registering precompiled user dll's ...
Registered in 0.015413 seconds.
Begin MonoManager ReloadAssembly
Native extension for WindowsStandalone target not found
Refreshing native plugins compatible for Editor in 112.81 ms, found 10 plugins.
Preloading 0 native plugins for Editor in 0.00 ms.
[XR] Error loading subsystem: Display (1) (header mismatch?)
[XR] [MROpenXR][Info   ][15:50:19.422238][tid:88a8] MeshProvider_RegisterLifecycleProvider
[XR] [MROpenXR][Info   ][15:50:19.422417][tid:88a8] InputProvider_RegisterLifeCycleProvider
[XR] [MROpenXR][Info   ][15:50:19.424779][tid:88a8] OnPluginStarted UnityVersion=2020.3.31f1 OpenXRPluginVersion=1.3.1 MROpenXRPluginVersion=1.4.0.0 PartA_PrivTags=33554432
Mono: successfully reloaded assembly
- Completed reload, in  3.435 seconds
Domain Reload Profiling:
	ReloadAssembly (3437ms)
		BeginReloadAssembly (230ms)
			ExecutionOrderSort (0ms)
			DisableScriptedObjects (6ms)
			BackupInstance (0ms)
			ReleaseScriptingObjects (0ms)
			CreateAndSetChildDomain (31ms)
		EndReloadAssembly (3103ms)
			LoadAssemblies (199ms)
			RebuildTransferFunctionScriptingTraits (0ms)
			SetupTypeCache (476ms)
			ReleaseScriptCaches (1ms)
			RebuildScriptCaches (117ms)
			SetupLoadedEditorAssemblies (2124ms)
				LogAssemblyErrors (0ms)
				InitializePlatformSupportModulesInManaged (5ms)
				SetLoadedEditorAssemblies (0ms)
				RefreshPlugins (113ms)
				BeforeProcessingInitializeOnLoad (169ms)
				ProcessInitializeOnLoadAttributes (1405ms)
				ProcessInitializeOnLoadMethodAttributes (419ms)
				AfterProcessingInitializeOnLoad (13ms)
				EditorAssembliesLoaded (1ms)
			ExecutionOrderSort2 (0ms)
			AwakeInstancesAfterBackupRestoration (10ms)
Platform modules already initialized, skipping
========================================================================
Worker process is ready to serve import requests
Launched and connected shader compiler UnityShaderCompiler.exe after 0.07 seconds
Refreshing native plugins compatible for Editor in 1.39 ms, found 10 plugins.
Preloading 0 native plugins for Editor in 0.00 ms.
Unloading 4045 Unused Serialized files (Serialized files now loaded: 0)
System memory in use before: 176.0 MB.
System memory in use after: 175.4 MB.

Unloading 91 unused Assets to reduce memory usage. Loaded Objects now: 4489.
Total: 5.562300 ms (FindLiveObjects: 0.413400 ms CreateObjectMapping: 0.348400 ms MarkObjects: 4.410800 ms  DeleteObjects: 0.388200 ms)

AssetImportParameters requested are different than current active one (requested -> active):
  custom:framework-win-MediaFoundation: 216162199b28c13a410421893ffa2e32 -> 
  custom:video-decoder-ogg-theora: a1e56fd34408186e4bbccfd4996cb3dc -> 
  custom:container-muxer-webm: aa71ff27fc2769a1b78a27578f13a17b -> 
  custom:container-demuxer-webm: 4f35f7cbe854078d1ac9338744f61a02 -> 
  custom:container-demuxer-ogg: 62fdf1f143b41e24485cea50d1cbac27 -> 
  custom:video-encoder-webm-vp8: eb34c28f22e8b96e1ab97ce403110664 -> 
  custom:video-codec-MediaFoundation-h265: 746d11721c4dcdbdad8f713fa42b33f4 -> 
  custom:video-decoder-webm-vp8: 9c59270c3fd7afecdb556c50c9e8de78 -> 
  custom:audio-decoder-ogg-vorbis: bf7c407c2cedff20999df2af8eb42d56 -> 
  custom:audio-encoder-webm-vorbis: bf7c407c2cedff20999df2af8eb42d56 -> 
========================================================================
Received Import Request.
  path: Assets/Avalanche/Mini_boulder.prefab
  artifactKey: Guid(0964d195ffd60394d8b9d0a561011adf) Importer(815301076,1909f56bfc062723c751e8b465ee728b)
Start importing Assets/Avalanche/Mini_boulder.prefab using Guid(0964d195ffd60394d8b9d0a561011adf) Importer(815301076,1909f56bfc062723c751e8b465ee728b)  -> (artifact id: '0170a6ba85de27660748059dc418acd2') in 0.180497 seconds 
========================================================================
Received Import Request.
  Time since last request: 15.561602 seconds.
  path: Assets/Avalanche/Mini_boulder.prefab
  artifactKey: Guid(0964d195ffd60394d8b9d0a561011adf) Importer(815301076,1909f56bfc062723c751e8b465ee728b)
Start importing Assets/Avalanche/Mini_boulder.prefab using Guid(0964d195ffd60394d8b9d0a561011adf) Importer(815301076,1909f56bfc062723c751e8b465ee728b)  -> (artifact id: 'a4860dd238671f93874f785d9e1cf426') in 0.041176 seconds 
========================================================================
Received Prepare
Registering precompiled user dll's ...
Registered in 0.013393 seconds.
Begin MonoManager ReloadAssembly
Native extension for WindowsStandalone target not found
Refreshing native plugins compatible for Editor in 1.76 ms, found 10 plugins.
Preloading 0 native plugins for Editor in 0.00 ms.
Error when attempting to update scene info fields. Scene info data may be stale.
UnityEngine.StackTraceUtility:ExtractStackTrace ()
UnityEngine.DebugLogHandler:LogFormat (UnityEngine.LogType,UnityEngine.Object,string,object[])
UnityEngine.Logger:Log (UnityEngine.LogType,object)
UnityEngine.Debug:LogWarning (object)
Microsoft.MixedReality.Toolkit.Editor.SceneInfoUtils:RefreshSceneInfoFieldsInScriptableObjects () (at Library/PackageCache/com.microsoft.mixedreality.toolkit.foundation@0d3352059f32-1651689783503/Core/Inspectors/PropertyDrawers/SceneInfoUtils.cs:313)
Microsoft.MixedReality.Toolkit.Editor.SceneInfoUtils:InitializeOnLoad () (at Library/PackageCache/com.microsoft.mixedreality.toolkit.foundation@0d3352059f32-1651689783503/Core/Inspectors/PropertyDrawers/SceneInfoUtils.cs:231)
System.Reflection.MonoMethod:Invoke (object,System.Reflection.BindingFlags,System.Reflection.Binder,object[],System.Globalization.CultureInfo)
System.Reflection.MethodBase:Invoke (object,object[])
UnityEditor.EditorAssemblies:ProcessInitializeOnLoadMethodAttributes ()

(Filename: Library/PackageCache/com.microsoft.mixedreality.toolkit.foundation@0d3352059f32-1651689783503/Core/Inspectors/PropertyDrawers/SceneInfoUtils.cs Line: 313)

Mono: successfully reloaded assembly
- Completed reload, in  3.043 seconds
Domain Reload Profiling:
	ReloadAssembly (3043ms)
		BeginReloadAssembly (208ms)
			ExecutionOrderSort (0ms)
			DisableScriptedObjects (5ms)
			BackupInstance (0ms)
			ReleaseScriptingObjects (0ms)
			CreateAndSetChildDomain (64ms)
		EndReloadAssembly (2729ms)
			LoadAssemblies (204ms)
			RebuildTransferFunctionScriptingTraits (0ms)
			SetupTypeCache (565ms)
			ReleaseScriptCaches (2ms)
			RebuildScriptCaches (76ms)
			SetupLoadedEditorAssemblies (1630ms)
				LogAssemblyErrors (0ms)
				InitializePlatformSupportModulesInManaged (6ms)
				SetLoadedEditorAssemblies (1ms)
				RefreshPlugins (2ms)
				BeforeProcessingInitializeOnLoad (150ms)
				ProcessInitializeOnLoadAttributes (1113ms)
				ProcessInitializeOnLoadMethodAttributes (347ms)
				AfterProcessingInitializeOnLoad (12ms)
				EditorAssembliesLoaded (1ms)
			ExecutionOrderSort2 (0ms)
			AwakeInstancesAfterBackupRestoration (28ms)
Platform modules already initialized, skipping
Switching build target platform(19) subTarget(0) extendedPlatform(0) -> platform(21) subTarget(3) extendedPlatform(0)
Refreshing native plugins compatible for Editor in 2.81 ms, found 10 plugins.
Preloading 0 native plugins for Editor in 0.00 ms.
Unloading 3972 Unused Serialized files (Serialized files now loaded: 0)
System memory in use before: 173.7 MB.
System memory in use after: 173.2 MB.

Unloading 77 unused Assets to reduce memory usage. Loaded Objects now: 4500.
Total: 7.712800 ms (FindLiveObjects: 0.971400 ms CreateObjectMapping: 0.555500 ms MarkObjects: 5.824700 ms  DeleteObjects: 0.359100 ms)

AssetImportParameters requested are different than current active one (requested -> active):
  custom:framework-win-MediaFoundation: 216162199b28c13a410421893ffa2e32 -> 
  custom:video-decoder-ogg-theora: a1e56fd34408186e4bbccfd4996cb3dc -> 
  custom:container-muxer-webm: aa71ff27fc2769a1b78a27578f13a17b -> 
  custom:container-demuxer-webm: 4f35f7cbe854078d1ac9338744f61a02 -> 
  custom:container-demuxer-ogg: 62fdf1f143b41e24485cea50d1cbac27 -> 
  custom:video-encoder-webm-vp8: eb34c28f22e8b96e1ab97ce403110664 -> 
  custom:video-codec-MediaFoundation-h265: 746d11721c4dcdbdad8f713fa42b33f4 -> 
  custom:video-decoder-webm-vp8: 9c59270c3fd7afecdb556c50c9e8de78 -> 
  custom:audio-decoder-ogg-vorbis: bf7c407c2cedff20999df2af8eb42d56 -> 
  custom:audio-encoder-webm-vorbis: bf7c407c2cedff20999df2af8eb42d56 -> 
========================================================================
Received Import Request.
  Time since last request: 94.732172 seconds.
  path: Assets/Avalanche/Mini_boulder.prefab
  artifactKey: Guid(0964d195ffd60394d8b9d0a561011adf) Importer(815301076,1909f56bfc062723c751e8b465ee728b)
Start importing Assets/Avalanche/Mini_boulder.prefab using Guid(0964d195ffd60394d8b9d0a561011adf) Importer(815301076,1909f56bfc062723c751e8b465ee728b)  -> (artifact id: '9a83f01c56cc106bd42a10936576d171') in 0.085126 seconds 
========================================================================
Received Import Request.
  Time since last request: 7.163958 seconds.
  path: Assets/Avalanche/Mini_boulder.prefab
  artifactKey: Guid(0964d195ffd60394d8b9d0a561011adf) Importer(815301076,1909f56bfc062723c751e8b465ee728b)
Start importing Assets/Avalanche/Mini_boulder.prefab using Guid(0964d195ffd60394d8b9d0a561011adf) Importer(815301076,1909f56bfc062723c751e8b465ee728b)  -> (artifact id: '1ccfec680079239dfff7d3cf65a1332f') in 0.020819 seconds 
========================================================================
Received Import Request.
  Time since last request: 3.431314 seconds.
  path: Assets/Avalanche/Mini_boulder.prefab
  artifactKey: Guid(0964d195ffd60394d8b9d0a561011adf) Importer(815301076,1909f56bfc062723c751e8b465ee728b)
Start importing Assets/Avalanche/Mini_boulder.prefab using Guid(0964d195ffd60394d8b9d0a561011adf) Importer(815301076,1909f56bfc062723c751e8b465ee728b)  -> (artifact id: '50dccfbab346acb7c07aa0d6da4f74ff') in 0.026453 seconds 
========================================================================
Received Import Request.
  Time since last request: 4.688541 seconds.
  path: Assets/Avalanche/Mini_boulder.prefab
  artifactKey: Guid(0964d195ffd60394d8b9d0a561011adf) Importer(815301076,1909f56bfc062723c751e8b465ee728b)
Start importing Assets/Avalanche/Mini_boulder.prefab using Guid(0964d195ffd60394d8b9d0a561011adf) Importer(815301076,1909f56bfc062723c751e8b465ee728b)  -> (artifact id: 'fdd8c69b4adea792987e4fb4df6a45ae') in 0.022153 seconds 
========================================================================
Received Prepare
Registering precompiled user dll's ...
Registered in 0.009607 seconds.
Begin MonoManager ReloadAssembly
Native extension for WindowsStandalone target not found
Refreshing native plugins compatible for Editor in 1.67 ms, found 10 plugins.
Preloading 0 native plugins for Editor in 0.00 ms.
Error when attempting to update scene info fields. Scene info data may be stale.
UnityEngine.StackTraceUtility:ExtractStackTrace ()
UnityEngine.DebugLogHandler:LogFormat (UnityEngine.LogType,UnityEngine.Object,string,object[])
UnityEngine.Logger:Log (UnityEngine.LogType,object)
UnityEngine.Debug:LogWarning (object)
Microsoft.MixedReality.Toolkit.Editor.SceneInfoUtils:RefreshSceneInfoFieldsInScriptableObjects () (at Library/PackageCache/com.microsoft.mixedreality.toolkit.foundation@0d3352059f32-1651689783503/Core/Inspectors/PropertyDrawers/SceneInfoUtils.cs:313)
Microsoft.MixedReality.Toolkit.Editor.SceneInfoUtils:InitializeOnLoad () (at Library/PackageCache/com.microsoft.mixedreality.toolkit.foundation@0d3352059f32-1651689783503/Core/Inspectors/PropertyDrawers/SceneInfoUtils.cs:231)
System.Reflection.MonoMethod:Invoke (object,System.Reflection.BindingFlags,System.Reflection.Binder,object[],System.Globalization.CultureInfo)
System.Reflection.MethodBase:Invoke (object,object[])
UnityEditor.EditorAssemblies:ProcessInitializeOnLoadMethodAttributes ()

(Filename: Library/PackageCache/com.microsoft.mixedreality.toolkit.foundation@0d3352059f32-1651689783503/Core/Inspectors/PropertyDrawers/SceneInfoUtils.cs Line: 313)

Mono: successfully reloaded assembly
- Completed reload, in  2.735 seconds
Domain Reload Profiling:
	ReloadAssembly (2736ms)
		BeginReloadAssembly (191ms)
			ExecutionOrderSort (0ms)
			DisableScriptedObjects (5ms)
			BackupInstance (0ms)
			ReleaseScriptingObjects (0ms)
			CreateAndSetChildDomain (67ms)
		EndReloadAssembly (2450ms)
			LoadAssemblies (184ms)
			RebuildTransferFunctionScriptingTraits (0ms)
			SetupTypeCache (498ms)
			ReleaseScriptCaches (2ms)
			RebuildScriptCaches (67ms)
			SetupLoadedEditorAssemblies (1463ms)
				LogAssemblyErrors (0ms)
				InitializePlatformSupportModulesInManaged (5ms)
				SetLoadedEditorAssemblies (1ms)
				RefreshPlugins (2ms)
				BeforeProcessingInitializeOnLoad (136ms)
				ProcessInitializeOnLoadAttributes (997ms)
				ProcessInitializeOnLoadMethodAttributes (312ms)
				AfterProcessingInitializeOnLoad (10ms)
				EditorAssembliesLoaded (0ms)
			ExecutionOrderSort2 (0ms)
			AwakeInstancesAfterBackupRestoration (23ms)
Platform modules already initialized, skipping
Switching build target platform(19) subTarget(0) extendedPlatform(0) -> platform(21) subTarget(3) extendedPlatform(0)
Refreshing native plugins compatible for Editor in 1.80 ms, found 10 plugins.
Preloading 0 native plugins for Editor in 0.00 ms.
Unloading 3972 Unused Serialized files (Serialized files now loaded: 0)
System memory in use before: 173.7 MB.
System memory in use after: 173.2 MB.

Unloading 77 unused Assets to reduce memory usage. Loaded Objects now: 4505.
Total: 7.338700 ms (FindLiveObjects: 0.523300 ms CreateObjectMapping: 0.451000 ms MarkObjects: 6.032300 ms  DeleteObjects: 0.330800 ms)

AssetImportParameters requested are different than current active one (requested -> active):
  custom:framework-win-MediaFoundation: 216162199b28c13a410421893ffa2e32 -> 
  custom:video-decoder-ogg-theora: a1e56fd34408186e4bbccfd4996cb3dc -> 
  custom:container-muxer-webm: aa71ff27fc2769a1b78a27578f13a17b -> 
  custom:container-demuxer-webm: 4f35f7cbe854078d1ac9338744f61a02 -> 
  custom:container-demuxer-ogg: 62fdf1f143b41e24485cea50d1cbac27 -> 
  custom:video-encoder-webm-vp8: eb34c28f22e8b96e1ab97ce403110664 -> 
  custom:video-codec-MediaFoundation-h265: 746d11721c4dcdbdad8f713fa42b33f4 -> 
  custom:video-decoder-webm-vp8: 9c59270c3fd7afecdb556c50c9e8de78 -> 
  custom:audio-decoder-ogg-vorbis: bf7c407c2cedff20999df2af8eb42d56 -> 
  custom:audio-encoder-webm-vorbis: bf7c407c2cedff20999df2af8eb42d56 -> 
========================================================================
Received Import Request.
  Time since last request: 55.039986 seconds.
  path: Assets/prefabOrig/Elevation_contour (1).prefab
  artifactKey: Guid(2362ddc8f0de68f48b0a4ad05d2e8730) Importer(815301076,1909f56bfc062723c751e8b465ee728b)
Start importing Assets/prefabOrig/Elevation_contour (1).prefab using Guid(2362ddc8f0de68f48b0a4ad05d2e8730) Importer(815301076,1909f56bfc062723c751e8b465ee728b)  -> (artifact id: '4a5658dd0a25b37ec140190c6a196e0f') in 0.070707 seconds 
========================================================================
Received Import Request.
  Time since last request: 0.000230 seconds.
  path: Assets/prefabOrig/pit.prefab
  artifactKey: Guid(6ec272daf1ad79440aa0cea20fc5ac69) Importer(815301076,1909f56bfc062723c751e8b465ee728b)
Start importing Assets/prefabOrig/pit.prefab using Guid(6ec272daf1ad79440aa0cea20fc5ac69) Importer(815301076,1909f56bfc062723c751e8b465ee728b)  -> (artifact id: 'e68dfb38e05f0c551b8270d6a9661b81') in 0.022069 seconds 
========================================================================
Received Import Request.
  Time since last request: 0.000345 seconds.
  path: Assets/prefabOrig/kolva.prefab
  artifactKey: Guid(37efd20ca1d6fd747a47dca58dda64b9) Importer(815301076,1909f56bfc062723c751e8b465ee728b)
Start importing Assets/prefabOrig/kolva.prefab using Guid(37efd20ca1d6fd747a47dca58dda64b9) Importer(815301076,1909f56bfc062723c751e8b465ee728b)  -> (artifact id: '048c1b755f4a42818479fa9796268875') in 0.017262 seconds 
========================================================================
Received Import Request.
  Time since last request: 0.000315 seconds.
  path: Assets/prefabOrig/pit_elevation.prefab
  artifactKey: Guid(e34c6d9315e692241a9cdcf0cfcde167) Importer(815301076,1909f56bfc062723c751e8b465ee728b)
Start importing Assets/prefabOrig/pit_elevation.prefab using Guid(e34c6d9315e692241a9cdcf0cfcde167) Importer(815301076,1909f56bfc062723c751e8b465ee728b)  -> (artifact id: '31b832349b01d3f50518d3f8cb34519a') in 0.025030 seconds 
========================================================================
Received Import Request.
  Time since last request: 9.367477 seconds.
  path: Assets/prefabOrig/Elevation_contour (1).prefab
  artifactKey: Guid(2362ddc8f0de68f48b0a4ad05d2e8730) Importer(815301076,1909f56bfc062723c751e8b465ee728b)
Start importing Assets/prefabOrig/Elevation_contour (1).prefab using Guid(2362ddc8f0de68f48b0a4ad05d2e8730) Importer(815301076,1909f56bfc062723c751e8b465ee728b)  -> (artifact id: 'f8edd02137586f34ca38747022a8ecc0') in 0.015484 seconds 
========================================================================
Received Import Request.
  Time since last request: 3.345128 seconds.
  path: Assets/prefabOrig/Elevation_contour (1).prefab
  artifactKey: Guid(2362ddc8f0de68f48b0a4ad05d2e8730) Importer(815301076,1909f56bfc062723c751e8b465ee728b)
Start importing Assets/prefabOrig/Elevation_contour (1).prefab using Guid(2362ddc8f0de68f48b0a4ad05d2e8730) Importer(815301076,1909f56bfc062723c751e8b465ee728b)  -> (artifact id: '21776cbf1f5a05023674005f5e558418') in 0.023862 seconds 
========================================================================
Received Import Request.
  Time since last request: 2.625926 seconds.
  path: Assets/prefabOrig/Elevation_contour (1).prefab
  artifactKey: Guid(2362ddc8f0de68f48b0a4ad05d2e8730) Importer(815301076,1909f56bfc062723c751e8b465ee728b)
Start importing Assets/prefabOrig/Elevation_contour (1).prefab using Guid(2362ddc8f0de68f48b0a4ad05d2e8730) Importer(815301076,1909f56bfc062723c751e8b465ee728b)  -> (artifact id: '399637d448a55474b1a09ce1aba896a3') in 0.013838 seconds 
========================================================================
Received Import Request.
  Time since last request: 5.366984 seconds.
  path: Assets/prefabOrig/Elevation_contour (1).prefab
  artifactKey: Guid(2362ddc8f0de68f48b0a4ad05d2e8730) Importer(815301076,1909f56bfc062723c751e8b465ee728b)
Start importing Assets/prefabOrig/Elevation_contour (1).prefab using Guid(2362ddc8f0de68f48b0a4ad05d2e8730) Importer(815301076,1909f56bfc062723c751e8b465ee728b)  -> (artifact id: '4c794f8a564f301c967a4d24d86c3e29') in 0.017254 seconds 
========================================================================
Received Import Request.
  Time since last request: 4.304703 seconds.
  path: Assets/prefabOrig/Elevation_contour (1).prefab
  artifactKey: Guid(2362ddc8f0de68f48b0a4ad05d2e8730) Importer(815301076,1909f56bfc062723c751e8b465ee728b)
Start importing Assets/prefabOrig/Elevation_contour (1).prefab using Guid(2362ddc8f0de68f48b0a4ad05d2e8730) Importer(815301076,1909f56bfc062723c751e8b465ee728b)  -> (artifact id: '84e31a46d72ef2d22ba737cc8dcb2c60') in 0.014111 seconds 
========================================================================
Received Prepare
Registering precompiled user dll's ...
Registered in 0.011787 seconds.
Begin MonoManager ReloadAssembly
Native extension for WindowsStandalone target not found
Refreshing native plugins compatible for Editor in 1.70 ms, found 10 plugins.
Preloading 0 native plugins for Editor in 0.00 ms.
Error when attempting to update scene info fields. Scene info data may be stale.
UnityEngine.StackTraceUtility:ExtractStackTrace ()
UnityEngine.DebugLogHandler:LogFormat (UnityEngine.LogType,UnityEngine.Object,string,object[])
UnityEngine.Logger:Log (UnityEngine.LogType,object)
UnityEngine.Debug:LogWarning (object)
Microsoft.MixedReality.Toolkit.Editor.SceneInfoUtils:RefreshSceneInfoFieldsInScriptableObjects () (at Library/PackageCache/com.microsoft.mixedreality.toolkit.foundation@0d3352059f32-1651689783503/Core/Inspectors/PropertyDrawers/SceneInfoUtils.cs:313)
Microsoft.MixedReality.Toolkit.Editor.SceneInfoUtils:InitializeOnLoad () (at Library/PackageCache/com.microsoft.mixedreality.toolkit.foundation@0d3352059f32-1651689783503/Core/Inspectors/PropertyDrawers/SceneInfoUtils.cs:231)
System.Reflection.MonoMethod:Invoke (object,System.Reflection.BindingFlags,System.Reflection.Binder,object[],System.Globalization.CultureInfo)
System.Reflection.MethodBase:Invoke (object,object[])
UnityEditor.EditorAssemblies:ProcessInitializeOnLoadMethodAttributes ()

(Filename: Library/PackageCache/com.microsoft.mixedreality.toolkit.foundation@0d3352059f32-1651689783503/Core/Inspectors/PropertyDrawers/SceneInfoUtils.cs Line: 313)

Mono: successfully reloaded assembly
- Completed reload, in  2.873 seconds
Domain Reload Profiling:
	ReloadAssembly (2874ms)
		BeginReloadAssembly (189ms)
			ExecutionOrderSort (0ms)
			DisableScriptedObjects (5ms)
			BackupInstance (0ms)
			ReleaseScriptingObjects (0ms)
			CreateAndSetChildDomain (58ms)
		EndReloadAssembly (2585ms)
			LoadAssemblies (193ms)
			RebuildTransferFunctionScriptingTraits (0ms)
			SetupTypeCache (517ms)
			ReleaseScriptCaches (2ms)
			RebuildScriptCaches (72ms)
			SetupLoadedEditorAssemblies (1544ms)
				LogAssemblyErrors (0ms)
				InitializePlatformSupportModulesInManaged (5ms)
				SetLoadedEditorAssemblies (1ms)
				RefreshPlugins (2ms)
				BeforeProcessingInitializeOnLoad (144ms)
				ProcessInitializeOnLoadAttributes (1048ms)
				ProcessInitializeOnLoadMethodAttributes (333ms)
				AfterProcessingInitializeOnLoad (11ms)
				EditorAssembliesLoaded (0ms)
			ExecutionOrderSort2 (0ms)
			AwakeInstancesAfterBackupRestoration (24ms)
Platform modules already initialized, skipping
Switching build target platform(19) subTarget(0) extendedPlatform(0) -> platform(21) subTarget(3) extendedPlatform(0)
Refreshing native plugins compatible for Editor in 2.35 ms, found 10 plugins.
Preloading 0 native plugins for Editor in 0.00 ms.
Unloading 3972 Unused Serialized files (Serialized files now loaded: 0)
System memory in use before: 173.8 MB.
System memory in use after: 173.3 MB.

Unloading 77 unused Assets to reduce memory usage. Loaded Objects now: 4510.
Total: 6.471500 ms (FindLiveObjects: 0.564900 ms CreateObjectMapping: 0.455100 ms MarkObjects: 5.032100 ms  DeleteObjects: 0.417200 ms)

AssetImportParameters requested are different than current active one (requested -> active):
  custom:framework-win-MediaFoundation: 216162199b28c13a410421893ffa2e32 -> 
  custom:video-decoder-ogg-theora: a1e56fd34408186e4bbccfd4996cb3dc -> 
  custom:container-muxer-webm: aa71ff27fc2769a1b78a27578f13a17b -> 
  custom:container-demuxer-webm: 4f35f7cbe854078d1ac9338744f61a02 -> 
  custom:container-demuxer-ogg: 62fdf1f143b41e24485cea50d1cbac27 -> 
  custom:video-encoder-webm-vp8: eb34c28f22e8b96e1ab97ce403110664 -> 
  custom:video-codec-MediaFoundation-h265: 746d11721c4dcdbdad8f713fa42b33f4 -> 
  custom:video-decoder-webm-vp8: 9c59270c3fd7afecdb556c50c9e8de78 -> 
  custom:audio-decoder-ogg-vorbis: bf7c407c2cedff20999df2af8eb42d56 -> 
  custom:audio-encoder-webm-vorbis: bf7c407c2cedff20999df2af8eb42d56 -> 
AssetImportWorkerClient::OnTransportError - code=2 error=End of file
